<?xml version="1.0" encoding="UTF-8"?>
<testsuite xmlns:xsi="http://www.w3.org/2001/XMLSchema-instance" xsi:noNamespaceSchemaLocation="https://maven.apache.org/surefire/maven-surefire-plugin/xsd/surefire-test-report-3.0.xsd" version="3.0" name="TestSuite" time="26.481" tests="1" errors="0" skipped="0" failures="0">
  <properties>
    <property name="java.specification.version" value="17"/>
    <property name="webdriver.chrome.driver" value="C:\Users\44744\Downloads\CucumberTests\CucumberTests\src\test\resources\Drivers\chromedriver.exe"/>
    <property name="sun.cpu.isalist" value="amd64"/>
    <property name="sun.jnu.encoding" value="Cp1252"/>
    <property name="java.class.path" value="C:\Users\44744\Downloads\CucumberTests\CucumberTests\target\test-classes;C:\Users\44744\Downloads\CucumberTests\CucumberTests\target\classes;C:\Users\44744\.m2\repository\io\cucumber\cucumber-java\7.8.1\cucumber-java-7.8.1.jar;C:\Users\44744\.m2\repository\org\apiguardian\apiguardian-api\1.1.2\apiguardian-api-1.1.2.jar;C:\Users\44744\.m2\repository\junit\junit\4.12\junit-4.12.jar;C:\Users\44744\.m2\repository\io\cucumber\cucumber-core\7.8.1\cucumber-core-7.8.1.jar;C:\Users\44744\.m2\repository\io\cucumber\cucumber-gherkin\7.8.1\cucumber-gherkin-7.8.1.jar;C:\Users\44744\.m2\repository\io\cucumber\cucumber-gherkin-messages\7.8.1\cucumber-gherkin-messages-7.8.1.jar;C:\Users\44744\.m2\repository\io\cucumber\gherkin\24.0.0\gherkin-24.0.0.jar;C:\Users\44744\.m2\repository\io\cucumber\messages\19.1.4\messages-19.1.4.jar;C:\Users\44744\.m2\repository\io\cucumber\tag-expressions\4.1.0\tag-expressions-4.1.0.jar;C:\Users\44744\.m2\repository\io\cucumber\cucumber-expressions\16.0.0\cucumber-expressions-16.0.0.jar;C:\Users\44744\.m2\repository\io\cucumber\datatable\7.8.1\datatable-7.8.1.jar;C:\Users\44744\.m2\repository\io\cucumber\cucumber-plugin\7.8.1\cucumber-plugin-7.8.1.jar;C:\Users\44744\.m2\repository\io\cucumber\docstring\7.8.1\docstring-7.8.1.jar;C:\Users\44744\.m2\repository\io\cucumber\html-formatter\20.1.0\html-formatter-20.1.0.jar;C:\Users\44744\.m2\repository\io\cucumber\ci-environment\9.1.0\ci-environment-9.1.0.jar;C:\Users\44744\.m2\repository\io\cucumber\cucumber-testng\7.8.1\cucumber-testng-7.8.1.jar;C:\Users\44744\.m2\repository\org\mockito\mockito-core\4.8.0\mockito-core-4.8.0.jar;C:\Users\44744\.m2\repository\net\bytebuddy\byte-buddy\1.12.14\byte-buddy-1.12.14.jar;C:\Users\44744\.m2\repository\net\bytebuddy\byte-buddy-agent\1.12.14\byte-buddy-agent-1.12.14.jar;C:\Users\44744\.m2\repository\org\objenesis\objenesis\3.2\objenesis-3.2.jar;C:\Users\44744\.m2\repository\org\hamcrest\hamcrest-core\2.2\hamcrest-core-2.2.jar;C:\Users\44744\.m2\repository\org\hamcrest\hamcrest\2.2\hamcrest-2.2.jar;C:\Users\44744\.m2\repository\org\seleniumhq\selenium\selenium-java\4.5.0\selenium-java-4.5.0.jar;C:\Users\44744\.m2\repository\org\seleniumhq\selenium\selenium-api\4.5.0\selenium-api-4.5.0.jar;C:\Users\44744\.m2\repository\org\seleniumhq\selenium\selenium-chrome-driver\4.5.0\selenium-chrome-driver-4.5.0.jar;C:\Users\44744\.m2\repository\com\google\auto\service\auto-service-annotations\1.0.1\auto-service-annotations-1.0.1.jar;C:\Users\44744\.m2\repository\com\google\auto\service\auto-service\1.0.1\auto-service-1.0.1.jar;C:\Users\44744\.m2\repository\com\google\auto\auto-common\1.2\auto-common-1.2.jar;C:\Users\44744\.m2\repository\com\google\guava\guava\31.1-jre\guava-31.1-jre.jar;C:\Users\44744\.m2\repository\com\google\guava\failureaccess\1.0.1\failureaccess-1.0.1.jar;C:\Users\44744\.m2\repository\com\google\guava\listenablefuture\9999.0-empty-to-avoid-conflict-with-guava\listenablefuture-9999.0-empty-to-avoid-conflict-with-guava.jar;C:\Users\44744\.m2\repository\org\checkerframework\checker-qual\3.12.0\checker-qual-3.12.0.jar;C:\Users\44744\.m2\repository\com\google\errorprone\error_prone_annotations\2.11.0\error_prone_annotations-2.11.0.jar;C:\Users\44744\.m2\repository\com\google\j2objc\j2objc-annotations\1.3\j2objc-annotations-1.3.jar;C:\Users\44744\.m2\repository\org\seleniumhq\selenium\selenium-chromium-driver\4.5.0\selenium-chromium-driver-4.5.0.jar;C:\Users\44744\.m2\repository\org\seleniumhq\selenium\selenium-json\4.5.0\selenium-json-4.5.0.jar;C:\Users\44744\.m2\repository\org\seleniumhq\selenium\selenium-devtools-v104\4.5.0\selenium-devtools-v104-4.5.0.jar;C:\Users\44744\.m2\repository\org\seleniumhq\selenium\selenium-devtools-v105\4.5.0\selenium-devtools-v105-4.5.0.jar;C:\Users\44744\.m2\repository\org\seleniumhq\selenium\selenium-devtools-v106\4.5.0\selenium-devtools-v106-4.5.0.jar;C:\Users\44744\.m2\repository\org\seleniumhq\selenium\selenium-devtools-v85\4.5.0\selenium-devtools-v85-4.5.0.jar;C:\Users\44744\.m2\repository\org\seleniumhq\selenium\selenium-edge-driver\4.5.0\selenium-edge-driver-4.5.0.jar;C:\Users\44744\.m2\repository\org\seleniumhq\selenium\selenium-firefox-driver\4.5.0\selenium-firefox-driver-4.5.0.jar;C:\Users\44744\.m2\repository\org\seleniumhq\selenium\selenium-ie-driver\4.5.0\selenium-ie-driver-4.5.0.jar;C:\Users\44744\.m2\repository\org\seleniumhq\selenium\selenium-remote-driver\4.5.0\selenium-remote-driver-4.5.0.jar;C:\Users\44744\.m2\repository\io\netty\netty-buffer\4.1.79.Final\netty-buffer-4.1.79.Final.jar;C:\Users\44744\.m2\repository\io\netty\netty-codec-http\4.1.79.Final\netty-codec-http-4.1.79.Final.jar;C:\Users\44744\.m2\repository\io\netty\netty-codec\4.1.79.Final\netty-codec-4.1.79.Final.jar;C:\Users\44744\.m2\repository\io\netty\netty-handler\4.1.79.Final\netty-handler-4.1.79.Final.jar;C:\Users\44744\.m2\repository\io\netty\netty-common\4.1.79.Final\netty-common-4.1.79.Final.jar;C:\Users\44744\.m2\repository\io\netty\netty-transport-classes-epoll\4.1.79.Final\netty-transport-classes-epoll-4.1.79.Final.jar;C:\Users\44744\.m2\repository\io\netty\netty-transport-classes-kqueue\4.1.79.Final\netty-transport-classes-kqueue-4.1.79.Final.jar;C:\Users\44744\.m2\repository\io\netty\netty-transport-native-epoll\4.1.79.Final\netty-transport-native-epoll-4.1.79.Final.jar;C:\Users\44744\.m2\repository\io\netty\netty-transport-native-kqueue\4.1.79.Final\netty-transport-native-kqueue-4.1.79.Final.jar;C:\Users\44744\.m2\repository\io\netty\netty-transport-native-unix-common\4.1.79.Final\netty-transport-native-unix-common-4.1.79.Final.jar;C:\Users\44744\.m2\repository\io\netty\netty-transport\4.1.79.Final\netty-transport-4.1.79.Final.jar;C:\Users\44744\.m2\repository\io\netty\netty-resolver\4.1.79.Final\netty-resolver-4.1.79.Final.jar;C:\Users\44744\.m2\repository\io\opentelemetry\opentelemetry-api\1.17.0\opentelemetry-api-1.17.0.jar;C:\Users\44744\.m2\repository\io\opentelemetry\opentelemetry-context\1.17.0\opentelemetry-context-1.17.0.jar;C:\Users\44744\.m2\repository\io\opentelemetry\opentelemetry-exporter-logging\1.17.0\opentelemetry-exporter-logging-1.17.0.jar;C:\Users\44744\.m2\repository\io\opentelemetry\opentelemetry-sdk-metrics\1.17.0\opentelemetry-sdk-metrics-1.17.0.jar;C:\Users\44744\.m2\repository\io\opentelemetry\opentelemetry-sdk-logs\1.17.0-alpha\opentelemetry-sdk-logs-1.17.0-alpha.jar;C:\Users\44744\.m2\repository\io\opentelemetry\opentelemetry-sdk-common\1.17.0\opentelemetry-sdk-common-1.17.0.jar;C:\Users\44744\.m2\repository\io\opentelemetry\opentelemetry-sdk-extension-autoconfigure-spi\1.17.0\opentelemetry-sdk-extension-autoconfigure-spi-1.17.0.jar;C:\Users\44744\.m2\repository\io\opentelemetry\opentelemetry-sdk-extension-autoconfigure\1.17.0-alpha\opentelemetry-sdk-extension-autoconfigure-1.17.0-alpha.jar;C:\Users\44744\.m2\repository\io\opentelemetry\opentelemetry-exporter-common\1.17.0\opentelemetry-exporter-common-1.17.0.jar;C:\Users\44744\.m2\repository\io\opentelemetry\opentelemetry-sdk-trace\1.17.0\opentelemetry-sdk-trace-1.17.0.jar;C:\Users\44744\.m2\repository\io\opentelemetry\opentelemetry-sdk\1.17.0\opentelemetry-sdk-1.17.0.jar;C:\Users\44744\.m2\repository\io\opentelemetry\opentelemetry-semconv\1.17.0-alpha\opentelemetry-semconv-1.17.0-alpha.jar;C:\Users\44744\.m2\repository\io\ous\jtoml\2.0.0\jtoml-2.0.0.jar;C:\Users\44744\.m2\repository\org\apache\commons\commons-exec\1.3\commons-exec-1.3.jar;C:\Users\44744\.m2\repository\org\asynchttpclient\async-http-client\2.12.3\async-http-client-2.12.3.jar;C:\Users\44744\.m2\repository\org\asynchttpclient\async-http-client-netty-utils\2.12.3\async-http-client-netty-utils-2.12.3.jar;C:\Users\44744\.m2\repository\io\netty\netty-codec-socks\4.1.60.Final\netty-codec-socks-4.1.60.Final.jar;C:\Users\44744\.m2\repository\io\netty\netty-handler-proxy\4.1.60.Final\netty-handler-proxy-4.1.60.Final.jar;C:\Users\44744\.m2\repository\io\netty\netty-transport-native-epoll\4.1.60.Final\netty-transport-native-epoll-4.1.60.Final-linux-x86_64.jar;C:\Users\44744\.m2\repository\io\netty\netty-transport-native-kqueue\4.1.60.Final\netty-transport-native-kqueue-4.1.60.Final-osx-x86_64.jar;C:\Users\44744\.m2\repository\org\reactivestreams\reactive-streams\1.0.3\reactive-streams-1.0.3.jar;C:\Users\44744\.m2\repository\com\typesafe\netty\netty-reactive-streams\2.0.4\netty-reactive-streams-2.0.4.jar;C:\Users\44744\.m2\repository\com\sun\activation\jakarta.activation\1.2.2\jakarta.activation-1.2.2.jar;C:\Users\44744\.m2\repository\org\seleniumhq\selenium\selenium-http\4.5.0\selenium-http-4.5.0.jar;C:\Users\44744\.m2\repository\dev\failsafe\failsafe\3.2.4\failsafe-3.2.4.jar;C:\Users\44744\.m2\repository\org\seleniumhq\selenium\selenium-safari-driver\4.5.0\selenium-safari-driver-4.5.0.jar;C:\Users\44744\.m2\repository\org\seleniumhq\selenium\selenium-support\4.5.0\selenium-support-4.5.0.jar;C:\Users\44744\.m2\repository\org\testng\testng\7.6.1\testng-7.6.1.jar;C:\Users\44744\.m2\repository\com\google\code\findbugs\jsr305\3.0.2\jsr305-3.0.2.jar;C:\Users\44744\.m2\repository\org\slf4j\slf4j-api\1.7.36\slf4j-api-1.7.36.jar;C:\Users\44744\.m2\repository\com\beust\jcommander\1.82\jcommander-1.82.jar;C:\Users\44744\.m2\repository\org\webjars\jquery\3.6.0\jquery-3.6.0.jar;C:\Users\44744\.m2\repository\log4j\log4j\1.2.17\log4j-1.2.17.jar;C:\Users\44744\.m2\repository\commons-io\commons-io\1.3.2\commons-io-1.3.2.jar;"/>
    <property name="java.vm.vendor" value="Eclipse Adoptium"/>
    <property name="sun.arch.data.model" value="64"/>
    <property name="user.variant" value=""/>
    <property name="java.vendor.url" value="https://adoptium.net/"/>
    <property name="user.timezone" value="Europe/London"/>
    <property name="property" value=""/>
    <property name="os.name" value="Windows 11"/>
    <property name="java.vm.specification.version" value="17"/>
    <property name="sun.java.launcher" value="SUN_STANDARD"/>
    <property name="user.country" value="GB"/>
    <property name="sun.boot.library.path" value="C:\Users\44744\.p2\pool\plugins\org.eclipse.justj.openjdk.hotspot.jre.full.win32.x86_64_17.0.4.v20221004-1257\jre\bin"/>
    <property name="sun.java.command" value="C:\Users\44744\AppData\Local\Temp\surefire12363609393489181461\surefirebooter1783775978671649908.jar C:\Users\44744\AppData\Local\Temp\surefire12363609393489181461 2022-10-15T16-02-05_907-jvmRun1 surefire11707927422277621539tmp surefire_017257384251696921723tmp"/>
    <property name="jdk.debug" value="release"/>
    <property name="surefire.test.class.path" value="C:\Users\44744\Downloads\CucumberTests\CucumberTests\target\test-classes;C:\Users\44744\Downloads\CucumberTests\CucumberTests\target\classes;C:\Users\44744\.m2\repository\io\cucumber\cucumber-java\7.8.1\cucumber-java-7.8.1.jar;C:\Users\44744\.m2\repository\org\apiguardian\apiguardian-api\1.1.2\apiguardian-api-1.1.2.jar;C:\Users\44744\.m2\repository\junit\junit\4.12\junit-4.12.jar;C:\Users\44744\.m2\repository\io\cucumber\cucumber-core\7.8.1\cucumber-core-7.8.1.jar;C:\Users\44744\.m2\repository\io\cucumber\cucumber-gherkin\7.8.1\cucumber-gherkin-7.8.1.jar;C:\Users\44744\.m2\repository\io\cucumber\cucumber-gherkin-messages\7.8.1\cucumber-gherkin-messages-7.8.1.jar;C:\Users\44744\.m2\repository\io\cucumber\gherkin\24.0.0\gherkin-24.0.0.jar;C:\Users\44744\.m2\repository\io\cucumber\messages\19.1.4\messages-19.1.4.jar;C:\Users\44744\.m2\repository\io\cucumber\tag-expressions\4.1.0\tag-expressions-4.1.0.jar;C:\Users\44744\.m2\repository\io\cucumber\cucumber-expressions\16.0.0\cucumber-expressions-16.0.0.jar;C:\Users\44744\.m2\repository\io\cucumber\datatable\7.8.1\datatable-7.8.1.jar;C:\Users\44744\.m2\repository\io\cucumber\cucumber-plugin\7.8.1\cucumber-plugin-7.8.1.jar;C:\Users\44744\.m2\repository\io\cucumber\docstring\7.8.1\docstring-7.8.1.jar;C:\Users\44744\.m2\repository\io\cucumber\html-formatter\20.1.0\html-formatter-20.1.0.jar;C:\Users\44744\.m2\repository\io\cucumber\ci-environment\9.1.0\ci-environment-9.1.0.jar;C:\Users\44744\.m2\repository\io\cucumber\cucumber-testng\7.8.1\cucumber-testng-7.8.1.jar;C:\Users\44744\.m2\repository\org\mockito\mockito-core\4.8.0\mockito-core-4.8.0.jar;C:\Users\44744\.m2\repository\net\bytebuddy\byte-buddy\1.12.14\byte-buddy-1.12.14.jar;C:\Users\44744\.m2\repository\net\bytebuddy\byte-buddy-agent\1.12.14\byte-buddy-agent-1.12.14.jar;C:\Users\44744\.m2\repository\org\objenesis\objenesis\3.2\objenesis-3.2.jar;C:\Users\44744\.m2\repository\org\hamcrest\hamcrest-core\2.2\hamcrest-core-2.2.jar;C:\Users\44744\.m2\repository\org\hamcrest\hamcrest\2.2\hamcrest-2.2.jar;C:\Users\44744\.m2\repository\org\seleniumhq\selenium\selenium-java\4.5.0\selenium-java-4.5.0.jar;C:\Users\44744\.m2\repository\org\seleniumhq\selenium\selenium-api\4.5.0\selenium-api-4.5.0.jar;C:\Users\44744\.m2\repository\org\seleniumhq\selenium\selenium-chrome-driver\4.5.0\selenium-chrome-driver-4.5.0.jar;C:\Users\44744\.m2\repository\com\google\auto\service\auto-service-annotations\1.0.1\auto-service-annotations-1.0.1.jar;C:\Users\44744\.m2\repository\com\google\auto\service\auto-service\1.0.1\auto-service-1.0.1.jar;C:\Users\44744\.m2\repository\com\google\auto\auto-common\1.2\auto-common-1.2.jar;C:\Users\44744\.m2\repository\com\google\guava\guava\31.1-jre\guava-31.1-jre.jar;C:\Users\44744\.m2\repository\com\google\guava\failureaccess\1.0.1\failureaccess-1.0.1.jar;C:\Users\44744\.m2\repository\com\google\guava\listenablefuture\9999.0-empty-to-avoid-conflict-with-guava\listenablefuture-9999.0-empty-to-avoid-conflict-with-guava.jar;C:\Users\44744\.m2\repository\org\checkerframework\checker-qual\3.12.0\checker-qual-3.12.0.jar;C:\Users\44744\.m2\repository\com\google\errorprone\error_prone_annotations\2.11.0\error_prone_annotations-2.11.0.jar;C:\Users\44744\.m2\repository\com\google\j2objc\j2objc-annotations\1.3\j2objc-annotations-1.3.jar;C:\Users\44744\.m2\repository\org\seleniumhq\selenium\selenium-chromium-driver\4.5.0\selenium-chromium-driver-4.5.0.jar;C:\Users\44744\.m2\repository\org\seleniumhq\selenium\selenium-json\4.5.0\selenium-json-4.5.0.jar;C:\Users\44744\.m2\repository\org\seleniumhq\selenium\selenium-devtools-v104\4.5.0\selenium-devtools-v104-4.5.0.jar;C:\Users\44744\.m2\repository\org\seleniumhq\selenium\selenium-devtools-v105\4.5.0\selenium-devtools-v105-4.5.0.jar;C:\Users\44744\.m2\repository\org\seleniumhq\selenium\selenium-devtools-v106\4.5.0\selenium-devtools-v106-4.5.0.jar;C:\Users\44744\.m2\repository\org\seleniumhq\selenium\selenium-devtools-v85\4.5.0\selenium-devtools-v85-4.5.0.jar;C:\Users\44744\.m2\repository\org\seleniumhq\selenium\selenium-edge-driver\4.5.0\selenium-edge-driver-4.5.0.jar;C:\Users\44744\.m2\repository\org\seleniumhq\selenium\selenium-firefox-driver\4.5.0\selenium-firefox-driver-4.5.0.jar;C:\Users\44744\.m2\repository\org\seleniumhq\selenium\selenium-ie-driver\4.5.0\selenium-ie-driver-4.5.0.jar;C:\Users\44744\.m2\repository\org\seleniumhq\selenium\selenium-remote-driver\4.5.0\selenium-remote-driver-4.5.0.jar;C:\Users\44744\.m2\repository\io\netty\netty-buffer\4.1.79.Final\netty-buffer-4.1.79.Final.jar;C:\Users\44744\.m2\repository\io\netty\netty-codec-http\4.1.79.Final\netty-codec-http-4.1.79.Final.jar;C:\Users\44744\.m2\repository\io\netty\netty-codec\4.1.79.Final\netty-codec-4.1.79.Final.jar;C:\Users\44744\.m2\repository\io\netty\netty-handler\4.1.79.Final\netty-handler-4.1.79.Final.jar;C:\Users\44744\.m2\repository\io\netty\netty-common\4.1.79.Final\netty-common-4.1.79.Final.jar;C:\Users\44744\.m2\repository\io\netty\netty-transport-classes-epoll\4.1.79.Final\netty-transport-classes-epoll-4.1.79.Final.jar;C:\Users\44744\.m2\repository\io\netty\netty-transport-classes-kqueue\4.1.79.Final\netty-transport-classes-kqueue-4.1.79.Final.jar;C:\Users\44744\.m2\repository\io\netty\netty-transport-native-epoll\4.1.79.Final\netty-transport-native-epoll-4.1.79.Final.jar;C:\Users\44744\.m2\repository\io\netty\netty-transport-native-kqueue\4.1.79.Final\netty-transport-native-kqueue-4.1.79.Final.jar;C:\Users\44744\.m2\repository\io\netty\netty-transport-native-unix-common\4.1.79.Final\netty-transport-native-unix-common-4.1.79.Final.jar;C:\Users\44744\.m2\repository\io\netty\netty-transport\4.1.79.Final\netty-transport-4.1.79.Final.jar;C:\Users\44744\.m2\repository\io\netty\netty-resolver\4.1.79.Final\netty-resolver-4.1.79.Final.jar;C:\Users\44744\.m2\repository\io\opentelemetry\opentelemetry-api\1.17.0\opentelemetry-api-1.17.0.jar;C:\Users\44744\.m2\repository\io\opentelemetry\opentelemetry-context\1.17.0\opentelemetry-context-1.17.0.jar;C:\Users\44744\.m2\repository\io\opentelemetry\opentelemetry-exporter-logging\1.17.0\opentelemetry-exporter-logging-1.17.0.jar;C:\Users\44744\.m2\repository\io\opentelemetry\opentelemetry-sdk-metrics\1.17.0\opentelemetry-sdk-metrics-1.17.0.jar;C:\Users\44744\.m2\repository\io\opentelemetry\opentelemetry-sdk-logs\1.17.0-alpha\opentelemetry-sdk-logs-1.17.0-alpha.jar;C:\Users\44744\.m2\repository\io\opentelemetry\opentelemetry-sdk-common\1.17.0\opentelemetry-sdk-common-1.17.0.jar;C:\Users\44744\.m2\repository\io\opentelemetry\opentelemetry-sdk-extension-autoconfigure-spi\1.17.0\opentelemetry-sdk-extension-autoconfigure-spi-1.17.0.jar;C:\Users\44744\.m2\repository\io\opentelemetry\opentelemetry-sdk-extension-autoconfigure\1.17.0-alpha\opentelemetry-sdk-extension-autoconfigure-1.17.0-alpha.jar;C:\Users\44744\.m2\repository\io\opentelemetry\opentelemetry-exporter-common\1.17.0\opentelemetry-exporter-common-1.17.0.jar;C:\Users\44744\.m2\repository\io\opentelemetry\opentelemetry-sdk-trace\1.17.0\opentelemetry-sdk-trace-1.17.0.jar;C:\Users\44744\.m2\repository\io\opentelemetry\opentelemetry-sdk\1.17.0\opentelemetry-sdk-1.17.0.jar;C:\Users\44744\.m2\repository\io\opentelemetry\opentelemetry-semconv\1.17.0-alpha\opentelemetry-semconv-1.17.0-alpha.jar;C:\Users\44744\.m2\repository\io\ous\jtoml\2.0.0\jtoml-2.0.0.jar;C:\Users\44744\.m2\repository\org\apache\commons\commons-exec\1.3\commons-exec-1.3.jar;C:\Users\44744\.m2\repository\org\asynchttpclient\async-http-client\2.12.3\async-http-client-2.12.3.jar;C:\Users\44744\.m2\repository\org\asynchttpclient\async-http-client-netty-utils\2.12.3\async-http-client-netty-utils-2.12.3.jar;C:\Users\44744\.m2\repository\io\netty\netty-codec-socks\4.1.60.Final\netty-codec-socks-4.1.60.Final.jar;C:\Users\44744\.m2\repository\io\netty\netty-handler-proxy\4.1.60.Final\netty-handler-proxy-4.1.60.Final.jar;C:\Users\44744\.m2\repository\io\netty\netty-transport-native-epoll\4.1.60.Final\netty-transport-native-epoll-4.1.60.Final-linux-x86_64.jar;C:\Users\44744\.m2\repository\io\netty\netty-transport-native-kqueue\4.1.60.Final\netty-transport-native-kqueue-4.1.60.Final-osx-x86_64.jar;C:\Users\44744\.m2\repository\org\reactivestreams\reactive-streams\1.0.3\reactive-streams-1.0.3.jar;C:\Users\44744\.m2\repository\com\typesafe\netty\netty-reactive-streams\2.0.4\netty-reactive-streams-2.0.4.jar;C:\Users\44744\.m2\repository\com\sun\activation\jakarta.activation\1.2.2\jakarta.activation-1.2.2.jar;C:\Users\44744\.m2\repository\org\seleniumhq\selenium\selenium-http\4.5.0\selenium-http-4.5.0.jar;C:\Users\44744\.m2\repository\dev\failsafe\failsafe\3.2.4\failsafe-3.2.4.jar;C:\Users\44744\.m2\repository\org\seleniumhq\selenium\selenium-safari-driver\4.5.0\selenium-safari-driver-4.5.0.jar;C:\Users\44744\.m2\repository\org\seleniumhq\selenium\selenium-support\4.5.0\selenium-support-4.5.0.jar;C:\Users\44744\.m2\repository\org\testng\testng\7.6.1\testng-7.6.1.jar;C:\Users\44744\.m2\repository\com\google\code\findbugs\jsr305\3.0.2\jsr305-3.0.2.jar;C:\Users\44744\.m2\repository\org\slf4j\slf4j-api\1.7.36\slf4j-api-1.7.36.jar;C:\Users\44744\.m2\repository\com\beust\jcommander\1.82\jcommander-1.82.jar;C:\Users\44744\.m2\repository\org\webjars\jquery\3.6.0\jquery-3.6.0.jar;C:\Users\44744\.m2\repository\log4j\log4j\1.2.17\log4j-1.2.17.jar;C:\Users\44744\.m2\repository\commons-io\commons-io\1.3.2\commons-io-1.3.2.jar;"/>
    <property name="sun.cpu.endian" value="little"/>
    <property name="user.home" value="C:\Users\44744"/>
    <property name="user.language" value="en"/>
    <property name="java.specification.vendor" value="Oracle Corporation"/>
    <property name="java.version.date" value="2022-08-12"/>
    <property name="java.home" value="C:\Users\44744\.p2\pool\plugins\org.eclipse.justj.openjdk.hotspot.jre.full.win32.x86_64_17.0.4.v20221004-1257\jre"/>
    <property name="file.separator" value="\"/>
    <property name="style.color" value="always"/>
    <property name="basedir" value="C:\Users\44744\Downloads\CucumberTests\CucumberTests"/>
    <property name="java.vm.compressedOopsMode" value="32-bit"/>
    <property name="line.separator" value="&#10;"/>
    <property name="java.vm.specification.vendor" value="Oracle Corporation"/>
    <property name="java.specification.name" value="Java Platform API Specification"/>
    <property name="surefire.real.class.path" value="C:\Users\44744\AppData\Local\Temp\surefire12363609393489181461\surefirebooter1783775978671649908.jar"/>
    <property name="user.script" value=""/>
    <property name="sun.management.compiler" value="HotSpot 64-Bit Tiered Compilers"/>
    <property name="java.runtime.version" value="17.0.4.1+1"/>
    <property name="user.name" value="44744"/>
    <property name="path.separator" value=";"/>
    <property name="os.version" value="10.0"/>
    <property name="java.runtime.name" value="OpenJDK Runtime Environment"/>
    <property name="file.encoding" value="Cp1252"/>
    <property name="java.vm.name" value="OpenJDK 64-Bit Server VM"/>
    <property name="java.vendor.version" value="Temurin-17.0.4.1+1"/>
    <property name="localRepository" value="C:\Users\44744\.m2\repository"/>
    <property name="java.vendor.url.bug" value="https://github.com/adoptium/adoptium-support/issues"/>
    <property name="java.io.tmpdir" value="C:\Users\44744\AppData\Local\Temp\"/>
    <property name="java.version" value="17.0.4.1"/>
    <property name="user.dir" value="C:\Users\44744\Downloads\CucumberTests\CucumberTests"/>
    <property name="os.arch" value="amd64"/>
    <property name="java.vm.specification.name" value="Java Virtual Machine Specification"/>
    <property name="sun.os.patch.level" value=""/>
    <property name="native.encoding" value="Cp1252"/>
    <property name="java.library.path" value="C:\Users\44744\.p2\pool\plugins\org.eclipse.justj.openjdk.hotspot.jre.full.win32.x86_64_17.0.4.v20221004-1257\jre\bin;C:\windows\Sun\Java\bin;C:\windows\system32;C:\windows;C:/Users/44744/.p2/pool/plugins/org.eclipse.justj.openjdk.hotspot.jre.full.win32.x86_64_17.0.4.v20221004-1257/jre/bin/server;C:/Users/44744/.p2/pool/plugins/org.eclipse.justj.openjdk.hotspot.jre.full.win32.x86_64_17.0.4.v20221004-1257/jre/bin;C:\Program Files\Amazon Corretto\jdk11.0.16_9\bin;C:\Program Files (x86)\Common Files\Oracle\Java\javapath;C:\windows\system32;C:\windows;C:\windows\System32\Wbem;C:\windows\System32\WindowsPowerShell\v1.0\;C:\windows\System32\OpenSSH\;C:\Android;C:\Windows\System32;C:\Program Files\Amazon Corretto\jdk11.0.16_9\bin;C:\Users\44744\AppData\Local\GitHubDesktop\bin;C:\windows\System32;;."/>
    <property name="java.vm.info" value="mixed mode"/>
    <property name="java.vendor" value="Eclipse Adoptium"/>
    <property name="java.vm.version" value="17.0.4.1+1"/>
    <property name="sun.io.unicode.encoding" value="UnicodeLittle"/>
    <property name="java.class.version" value="61.0"/>
  </properties>
  <testcase name="runScenario[&quot;Access J.P.Morgan link from Google and verify its logo&quot;, &quot;J.P.Morgan Logo Verification&quot;](1)" classname="com.cucumber.runner.Runner" time="23.96">
    <system-out><![CDATA[
@tag @tag1
Scenario: Access J.P.Morgan link from Google and verify its logo # src/test/resources/FeatureFiles/LogoVerfication.feature:5
10-15-2022 16:02:09 InternalLoggerFactory.java DEBUG [main] logging.InternalLoggerFactory 89 - Using Log4J as the default logging framework
10-15-2022 16:02:09 ResourceLeakDetector.java DEBUG [main] util.ResourceLeakDetector 129 - -Dio.netty.leakDetection.level: simple
10-15-2022 16:02:09 ResourceLeakDetector.java DEBUG [main] util.ResourceLeakDetector 130 - -Dio.netty.leakDetection.targetRecords: 4
10-15-2022 16:02:09 ResourceLeakDetectorFactory.java DEBUG [main] util.ResourceLeakDetectorFactory 196 - Loaded default ResourceLeakDetector: io.netty.util.ResourceLeakDetector@5560bcdf
10-15-2022 16:02:09 PlatformDependent0.java DEBUG [main] internal.PlatformDependent0 495 - -Dio.netty.noUnsafe: false
10-15-2022 16:02:09 PlatformDependent0.java DEBUG [main] internal.PlatformDependent0 998 - Java version: 17
10-15-2022 16:02:09 PlatformDependent0.java DEBUG [main] internal.PlatformDependent0 136 - sun.misc.Unsafe.theUnsafe: available
10-15-2022 16:02:09 PlatformDependent0.java DEBUG [main] internal.PlatformDependent0 160 - sun.misc.Unsafe.copyMemory: available
10-15-2022 16:02:09 PlatformDependent0.java DEBUG [main] internal.PlatformDependent0 192 - sun.misc.Unsafe.storeFence: available
10-15-2022 16:02:09 PlatformDependent0.java DEBUG [main] internal.PlatformDependent0 235 - java.nio.Buffer.address: available
10-15-2022 16:02:09 PlatformDependent0.java DEBUG [main] internal.PlatformDependent0 319 - direct buffer constructor: unavailable: Reflective setAccessible(true) disabled
10-15-2022 16:02:09 PlatformDependent0.java DEBUG [main] internal.PlatformDependent0 384 - java.nio.Bits.unaligned: available, true
10-15-2022 16:02:09 PlatformDependent0.java DEBUG [main] internal.PlatformDependent0 451 - jdk.internal.misc.Unsafe.allocateUninitializedArray(int): unavailable: class io.netty.util.internal.PlatformDependent0$7 cannot access class jdk.internal.misc.Unsafe (in module java.base) because module java.base does not export jdk.internal.misc to unnamed module @3315d2d7
10-15-2022 16:02:09 PlatformDependent0.java DEBUG [main] internal.PlatformDependent0 481 - java.nio.DirectByteBuffer.<init>(long, int): unavailable
10-15-2022 16:02:09 PlatformDependent.java DEBUG [main] internal.PlatformDependent 1159 - sun.misc.Unsafe: available
10-15-2022 16:02:09 PlatformDependent.java DEBUG [main] internal.PlatformDependent 1270 - maxDirectMemory: 1973420032 bytes (maybe)
10-15-2022 16:02:09 PlatformDependent.java DEBUG [main] internal.PlatformDependent 1289 - -Dio.netty.tmpdir: C:\Users\44744\AppData\Local\Temp (java.io.tmpdir)
10-15-2022 16:02:09 PlatformDependent.java DEBUG [main] internal.PlatformDependent 1368 - -Dio.netty.bitMode: 64 (sun.arch.data.model)
10-15-2022 16:02:09 PlatformDependent.java DEBUG [main] internal.PlatformDependent 1119 - Platform: Windows
10-15-2022 16:02:09 PlatformDependent.java DEBUG [main] internal.PlatformDependent 178 - -Dio.netty.maxDirectMemory: -1 bytes
10-15-2022 16:02:09 PlatformDependent.java DEBUG [main] internal.PlatformDependent 185 - -Dio.netty.uninitializedArrayAllocationThreshold: -1
10-15-2022 16:02:09 CleanerJava9.java DEBUG [main] internal.CleanerJava9 71 - java.nio.ByteBuffer.cleaner(): available
10-15-2022 16:02:09 PlatformDependent.java DEBUG [main] internal.PlatformDependent 205 - -Dio.netty.noPreferDirect: false
10-15-2022 16:02:09 PlatformDependent.java DEBUG [main] internal.PlatformDependent 1010 - org.jctools-core.MpscChunkedArrayQueue: available
10-15-2022 16:02:09 InternalThreadLocalMap.java DEBUG [main] internal.InternalThreadLocalMap 86 - -Dio.netty.threadLocalMap.stringBuilder.initialSize: 1024
10-15-2022 16:02:09 InternalThreadLocalMap.java DEBUG [main] internal.InternalThreadLocalMap 89 - -Dio.netty.threadLocalMap.stringBuilder.maxSize: 4096
10-15-2022 16:02:09 JdkSslContext.java DEBUG [main] ssl.JdkSslContext 83 - Default protocols (JDK): [TLSv1.3, TLSv1.2] 
10-15-2022 16:02:09 JdkSslContext.java DEBUG [main] ssl.JdkSslContext 84 - Default cipher suites (JDK): [TLS_ECDHE_ECDSA_WITH_AES_256_GCM_SHA384, TLS_ECDHE_ECDSA_WITH_AES_128_GCM_SHA256, TLS_ECDHE_RSA_WITH_AES_128_GCM_SHA256, TLS_ECDHE_RSA_WITH_AES_256_GCM_SHA384, TLS_ECDHE_RSA_WITH_AES_128_CBC_SHA, TLS_ECDHE_RSA_WITH_AES_256_CBC_SHA, TLS_RSA_WITH_AES_128_GCM_SHA256, TLS_RSA_WITH_AES_128_CBC_SHA, TLS_RSA_WITH_AES_256_CBC_SHA, TLS_AES_128_GCM_SHA256, TLS_AES_256_GCM_SHA384]
10-15-2022 16:02:09 MultithreadEventLoopGroup.java DEBUG [main] channel.MultithreadEventLoopGroup 44 - -Dio.netty.eventLoopThreads: 24
10-15-2022 16:02:09 NioEventLoop.java DEBUG [main] nio.NioEventLoop 109 - -Dio.netty.noKeySetOptimization: false
10-15-2022 16:02:09 NioEventLoop.java DEBUG [main] nio.NioEventLoop 110 - -Dio.netty.selectorAutoRebuildThreshold: 512
10-15-2022 16:02:09 PooledByteBufAllocator.java DEBUG [main] buffer.PooledByteBufAllocator 157 - -Dio.netty.allocator.numHeapArenas: 24
10-15-2022 16:02:09 PooledByteBufAllocator.java DEBUG [main] buffer.PooledByteBufAllocator 158 - -Dio.netty.allocator.numDirectArenas: 24
10-15-2022 16:02:09 PooledByteBufAllocator.java DEBUG [main] buffer.PooledByteBufAllocator 160 - -Dio.netty.allocator.pageSize: 8192
10-15-2022 16:02:09 PooledByteBufAllocator.java DEBUG [main] buffer.PooledByteBufAllocator 165 - -Dio.netty.allocator.maxOrder: 9
10-15-2022 16:02:09 PooledByteBufAllocator.java DEBUG [main] buffer.PooledByteBufAllocator 169 - -Dio.netty.allocator.chunkSize: 4194304
10-15-2022 16:02:09 PooledByteBufAllocator.java DEBUG [main] buffer.PooledByteBufAllocator 170 - -Dio.netty.allocator.smallCacheSize: 256
10-15-2022 16:02:09 PooledByteBufAllocator.java DEBUG [main] buffer.PooledByteBufAllocator 171 - -Dio.netty.allocator.normalCacheSize: 64
10-15-2022 16:02:09 PooledByteBufAllocator.java DEBUG [main] buffer.PooledByteBufAllocator 172 - -Dio.netty.allocator.maxCachedBufferCapacity: 32768
10-15-2022 16:02:09 PooledByteBufAllocator.java DEBUG [main] buffer.PooledByteBufAllocator 173 - -Dio.netty.allocator.cacheTrimInterval: 8192
10-15-2022 16:02:09 PooledByteBufAllocator.java DEBUG [main] buffer.PooledByteBufAllocator 174 - -Dio.netty.allocator.cacheTrimIntervalMillis: 0
10-15-2022 16:02:09 PooledByteBufAllocator.java DEBUG [main] buffer.PooledByteBufAllocator 175 - -Dio.netty.allocator.useCacheForAllThreads: false
10-15-2022 16:02:09 PooledByteBufAllocator.java DEBUG [main] buffer.PooledByteBufAllocator 176 - -Dio.netty.allocator.maxCachedByteBuffersPerChunk: 1023
10-15-2022 16:02:09 ByteBufUtil.java DEBUG [main] buffer.ByteBufUtil 87 - -Dio.netty.allocator.type: pooled
10-15-2022 16:02:09 ByteBufUtil.java DEBUG [main] buffer.ByteBufUtil 96 - -Dio.netty.threadLocalDirectBufferSize: 0
10-15-2022 16:02:09 ByteBufUtil.java DEBUG [main] buffer.ByteBufUtil 99 - -Dio.netty.maxThreadLocalCharBufferSize: 16384
10-15-2022 16:02:10 DefaultChannelId.java DEBUG [Forwarding newSession on session null to remote] channel.DefaultChannelId 79 - -Dio.netty.processId: 10400 (auto-detected)
10-15-2022 16:02:10 NetUtil.java DEBUG [Forwarding newSession on session null to remote] util.NetUtil 136 - -Djava.net.preferIPv4Stack: false
10-15-2022 16:02:10 NetUtil.java DEBUG [Forwarding newSession on session null to remote] util.NetUtil 137 - -Djava.net.preferIPv6Addresses: false
10-15-2022 16:02:10 NetUtilInitializations.java DEBUG [Forwarding newSession on session null to remote] util.NetUtilInitializations 129 - Loopback interface: lo (Software Loopback Interface 1, 127.0.0.1)
10-15-2022 16:02:10 NetUtil.java DEBUG [Forwarding newSession on session null to remote] util.NetUtil 191 - Failed to get SOMAXCONN from sysctl and file \proc\sys\net\core\somaxconn. Default: 200
10-15-2022 16:02:10 DefaultChannelId.java DEBUG [Forwarding newSession on session null to remote] channel.DefaultChannelId 101 - -Dio.netty.machineId: 38:d5:7a:ff:fe:08:0c:f5 (auto-detected)
10-15-2022 16:02:10 AbstractByteBuf.java DEBUG [AsyncHttpClient-1-2] buffer.AbstractByteBuf 63 - -Dio.netty.buffer.checkAccessible: true
10-15-2022 16:02:10 AbstractByteBuf.java DEBUG [AsyncHttpClient-1-2] buffer.AbstractByteBuf 64 - -Dio.netty.buffer.checkBounds: true
10-15-2022 16:02:10 ResourceLeakDetectorFactory.java DEBUG [AsyncHttpClient-1-2] util.ResourceLeakDetectorFactory 196 - Loaded default ResourceLeakDetector: io.netty.util.ResourceLeakDetector@2eda454c
10-15-2022 16:02:10 Recycler.java DEBUG [AsyncHttpClient-1-2] util.Recycler 85 - -Dio.netty.recycler.maxCapacityPerThread: 4096
10-15-2022 16:02:10 Recycler.java DEBUG [AsyncHttpClient-1-2] util.Recycler 86 - -Dio.netty.recycler.ratio: 8
10-15-2022 16:02:10 Recycler.java DEBUG [AsyncHttpClient-1-2] util.Recycler 87 - -Dio.netty.recycler.chunkSize: 32
10-15-2022 16:02:10 Recycler.java DEBUG [AsyncHttpClient-1-2] util.Recycler 88 - -Dio.netty.recycler.blocking: false
10-15-2022 16:02:11 Brotli.java DEBUG [AsyncHttpClient-1-2] compression.Brotli 38 - brotli4j not in the classpath; Brotli support will be unavailable.
10-15-2022 16:02:11 ThreadLocalRandom.java DEBUG [main] internal.ThreadLocalRandom 214 - -Dio.netty.initialSeedUniquifier: 0x69f3f08204117981
10-15-2022 16:02:13 GenericFunctions.java INFO  [main] utils.GenericFunctions 73 - Navigated to URL: https://www.google.com
10-15-2022 16:02:13 GenericFunctions.java INFO  [main] utils.GenericFunctions 52 - Clicked on By.xpath: //div[@class='QS5gu sy4vM']
  Given User is on Google Home Page                              # com.cucumber.stepdefinitions.LogoVerificationSteps.launchGoogle()
10-15-2022 16:02:13 GenericFunctions.java INFO  [main] utils.GenericFunctions 63 - Entered text: J.P.Morgan
  When Enters keyword as "J.P.Morgan"                            # com.cucumber.stepdefinitions.LogoVerificationSteps.enterKeyword(java.lang.String)
10-15-2022 16:02:14 GenericFunctions.java INFO  [main] utils.GenericFunctions 52 - Clicked on By.xpath: (//input[@aria-label='Google Search'])[2]
  And Click Search                                               # com.cucumber.stepdefinitions.LogoVerificationSteps.clickSearch()
10-15-2022 16:02:31 GenericFunctions.java INFO  [main] utils.GenericFunctions 52 - Clicked on By.xpath: (//div[@class='g']//a)[1]
  And Click on First Search result                               # com.cucumber.stepdefinitions.LogoVerificationSteps.clickOnFirstSearchResult()
10-15-2022 16:02:32 GenericFunctions.java INFO  [main] utils.GenericFunctions 128 - By.xpath: (//img[@class='first-logo'])[2] is displayed.
  Then Verify the Logo on the first search result page           # com.cucumber.stepdefinitions.LogoVerificationSteps.verifyLogo()
]]></system-out>
    <system-err><![CDATA[SLF4J: Failed to load class "org.slf4j.impl.StaticLoggerBinder".
SLF4J: Defaulting to no-operation (NOP) logger implementation
SLF4J: See http://www.slf4j.org/codes.html#StaticLoggerBinder for further details.
Starting ChromeDriver 106.0.5249.61 (511755355844955cd3e264779baf0dd38212a4d0-refs/branch-heads/5249@{#569}) on port 65434
Only local connections are allowed.
Please see https://chromedriver.chromium.org/security-considerations for suggestions on keeping ChromeDriver safe.
ChromeDriver was started successfully.
Oct 15, 2022 4:02:11 PM org.openqa.selenium.remote.ProtocolHandshake createSession
INFO: Detected upstream dialect: W3C
Oct 15, 2022 4:02:11 PM org.openqa.selenium.devtools.CdpVersionFinder findNearestMatch
INFO: Found exact CDP implementation for version 106
]]></system-err>
  </testcase>
</testsuite>