<?xml version="1.0" encoding="UTF-8"?>
<!-- Generated by org.testng.reporters.JUnitReportReporter -->
<testsuite hostname="Bhagi250690" failures="0" tests="1" name="com.cucumber.runner.Runner" time="23.928" errors="0" timestamp="2022-10-15T16:02:34 BST" skipped="0">
  <testcase classname="com.cucumber.runner.Runner" name="runScenario" time="23.928"/>
  <system-out/>
</testsuite> <!-- com.cucumber.runner.Runner -->
